<?xml version="1.0" encoding="UTF-8"?>
<!-- Generated by org.testng.reporters.JUnitReportReporter -->
<testsuite skipped="0" hostname="BDC6-DX-6GKFNK2" name="pompagefactory.testpagefactory" tests="1" failures="0" timestamp="2019-09-25T11:28:08 IST" time="16.457" errors="0">
  <testcase name="f" time="16.457" classname="pompagefactory.testpagefactory"/>
</testsuite> <!-- pompagefactory.testpagefactory -->
